<html>
<head>
<title>TestNG:  Test</title>
<link href="../testng.css" rel="stylesheet" type="text/css" />
<link href="../my-testng.css" rel="stylesheet" type="text/css" />

<style type="text/css">
.log { display: none;} 
.stack-trace { display: none;} 
</style>
<script type="text/javascript">
<!--
function flip(e) {
  current = e.style.display;
  if (current == 'block') {
    e.style.display = 'none';
    return 0;
  }
  else {
    e.style.display = 'block';
    return 1;
  }
}

function toggleBox(szDivId, elem, msg1, msg2)
{
  var res = -1;  if (document.getElementById) {
    res = flip(document.getElementById(szDivId));
  }
  else if (document.all) {
    // this is the way old msie versions work
    res = flip(document.all[szDivId]);
  }
  if(elem) {
    if(res == 0) elem.innerHTML = msg1; else elem.innerHTML = msg2;
  }

}

function toggleAllBoxes() {
  if (document.getElementsByTagName) {
    d = document.getElementsByTagName('div');
    for (i = 0; i < d.length; i++) {
      if (d[i].className == 'log') {
        flip(d[i]);
      }
    }
  }
}

// -->
</script>

</head>
<body>
<h2 align='center'>Test</h2><table border='1' align="center">
<tr>
<td>Tests passed/Failed/Skipped:</td><td>1/0/1</td>
</tr><tr>
<td>Started on:</td><td>Sat Jan 20 12:42:53 IST 2024</td>
</tr>
<tr><td>Total time:</td><td>54 seconds (54060 ms)</td>
</tr><tr>
<td>Included groups:</td><td>Sanity </td>
</tr><tr>
<td>Excluded groups:</td><td></td>
</tr>
</table><p/>
<small><i>(Hover the method name to see the test class name)</i></small><p/>
<table width='100%' border='1' class='invocation-passed'>
<tr><td colspan='4' align='center'><b>PASSED TESTS</b></td></tr>
<tr><td><b>Test method</b></td>
<td width="30%"><b>Exception</b></td>
<td width="10%"><b>Time (seconds)</b></td>
<td><b>Instance</b></td>
</tr>
<tr>
<td title='com.dcpl.testcase.GoodsReceiptVocuherTest.createGRVForSubContractVendorRefTypeFinishedGoodSegmentPlatinum()'><b>createGRVForSubContractVendorRefTypeFinishedGoodSegmentPlatinum</b><br>Test class: com.dcpl.testcase.GoodsReceiptVocuherTest<br>Test method: Verifying create grv process<br>Parameters: {grvdate=, regunreg=UnRegistered, partybillno=987456, igstPerc=0, netwt=100, igstamount=200.0, hrms_id=110, grvno=, parcelid=2181, invoiceamount=5000.0, segments=Gold, password=Pass@123, diamondwt=10, skinpurityG=92, materialtype=F, wast.wt=1.5, vendor=BKK, partybillDay=20, sourcestate=Karnataka, gstinno=07BKKCH1747D1ZY, grosswt=100, metalrate=4250, pcs=1, cessPerc=0, partybillMonthYear=January 2024, cessamount=50.0, valueinrs=35000, sgstPerc=2, hsnsaccode=71131910, sgstamount=100.0, cgstPerc=2, grvtype=S, labourcharge=2500, cgstamount=100.0, remarks=test}</td>
<td></td>
<td>20</td>
<td>com.dcpl.testcase.GoodsReceiptVocuherTest@53aac487</td></tr>
</table><p>
<table width='100%' border='1' class='invocation-skipped'>
<tr><td colspan='4' align='center'><b>SKIPPED TESTS</b></td></tr>
<tr><td><b>Test method</b></td>
<td width="30%"><b>Exception</b></td>
<td width="10%"><b>Time (seconds)</b></td>
<td><b>Instance</b></td>
</tr>
<tr>
<td title='com.dcpl.testcase.GoodsReceiptVocuherTest.createGRVForSubContractVendorRefTypeFinishedGoodSegmentPlatinum()'><b>createGRVForSubContractVendorRefTypeFinishedGoodSegmentPlatinum</b><br>Test class: com.dcpl.testcase.GoodsReceiptVocuherTest<br>Test method: Verifying create grv process<br>Parameters: {grvdate=, regunreg=UnRegistered, partybillno=987456, igstPerc=0, netwt=100, igstamount=200.0, hrms_id=110, grvno=, parcelid=2181, invoiceamount=5000.0, segments=Gold, password=Pass@123, diamondwt=10, skinpurityG=92, materialtype=F, wast.wt=1.5, vendor=BKK, partybillDay=20, sourcestate=Karnataka, gstinno=07BKKCH1747D1ZY, grosswt=100, metalrate=4250, pcs=1, cessPerc=0, partybillMonthYear=January 2024, cessamount=50.0, valueinrs=35000, sgstPerc=2, hsnsaccode=71131910, sgstamount=100.0, cgstPerc=2, grvtype=S, labourcharge=2500, cgstamount=100.0, remarks=test}</td>
<td><div><pre>java.lang.AssertionError: expected [Success] but found [Error]
	at com.dcpl.testcase.GoodsReceiptVocuherTest.createGRVForSubContractVendorRefTypeFinishedGoodSegmentPlatinum(GoodsReceiptVocuherTest.java:210)
	at java.base/java.util.ArrayList.forEach(ArrayList.java:1541)
... Removed 33 stack frames</pre></div><a href='#' onClick='toggleBox("stack-trace114109618", this, "Click to show all stack frames", "Click to hide stack frames")'>Click to show all stack frames</a>
<div class='stack-trace' id='stack-trace114109618'><pre>java.lang.AssertionError: expected [Success] but found [Error]
	at org.testng.Assert.fail(Assert.java:99)
	at org.testng.Assert.failNotEquals(Assert.java:1037)
	at org.testng.Assert.assertEqualsImpl(Assert.java:140)
	at org.testng.Assert.assertEquals(Assert.java:122)
	at org.testng.Assert.assertEquals(Assert.java:629)
	at org.testng.Assert.assertEquals(Assert.java:639)
	at com.dcpl.testcase.GoodsReceiptVocuherTest.createGRVForSubContractVendorRefTypeFinishedGoodSegmentPlatinum(GoodsReceiptVocuherTest.java:210)
	at java.base/jdk.internal.reflect.NativeMethodAccessorImpl.invoke0(Native Method)
	at java.base/jdk.internal.reflect.NativeMethodAccessorImpl.invoke(NativeMethodAccessorImpl.java:62)
	at java.base/jdk.internal.reflect.DelegatingMethodAccessorImpl.invoke(DelegatingMethodAccessorImpl.java:43)
	at java.base/java.lang.reflect.Method.invoke(Method.java:566)
	at org.testng.internal.MethodInvocationHelper.invokeMethod(MethodInvocationHelper.java:133)
	at org.testng.internal.TestInvoker.invokeMethod(TestInvoker.java:598)
	at org.testng.internal.TestInvoker.invokeTestMethod(TestInvoker.java:173)
	at org.testng.internal.MethodRunner.runInSequence(MethodRunner.java:46)
	at org.testng.internal.TestInvoker$MethodInvocationAgent.invoke(TestInvoker.java:824)
	at org.testng.internal.TestInvoker.invokeTestMethods(TestInvoker.java:146)
	at org.testng.internal.TestMethodWorker.invokeTestMethods(TestMethodWorker.java:146)
	at org.testng.internal.TestMethodWorker.run(TestMethodWorker.java:128)
	at java.base/java.util.ArrayList.forEach(ArrayList.java:1541)
	at org.testng.TestRunner.privateRun(TestRunner.java:794)
	at org.testng.TestRunner.run(TestRunner.java:596)
	at org.testng.SuiteRunner.runTest(SuiteRunner.java:377)
	at org.testng.SuiteRunner.runSequentially(SuiteRunner.java:371)
	at org.testng.SuiteRunner.privateRun(SuiteRunner.java:332)
	at org.testng.SuiteRunner.run(SuiteRunner.java:276)
	at org.testng.SuiteRunnerWorker.runSuite(SuiteRunnerWorker.java:53)
	at org.testng.SuiteRunnerWorker.run(SuiteRunnerWorker.java:96)
	at org.testng.TestNG.runSuitesSequentially(TestNG.java:1212)
	at org.testng.TestNG.runSuitesLocally(TestNG.java:1134)
	at org.testng.TestNG.runSuites(TestNG.java:1063)
	at org.testng.TestNG.run(TestNG.java:1031)
	at org.testng.remote.AbstractRemoteTestNG.run(AbstractRemoteTestNG.java:115)
	at org.testng.remote.RemoteTestNG.initAndRun(RemoteTestNG.java:251)
	at org.testng.remote.RemoteTestNG.main(RemoteTestNG.java:77)
</pre></div></td>
<td>21</td>
<td>com.dcpl.testcase.GoodsReceiptVocuherTest@53aac487</td></tr>
</table><p>
</body>
</html>