<?xml version="1.0" encoding="UTF-8"?>
<!-- Generated by org.testng.reporters.JUnitXMLReporter -->
<testsuite ignored="2" hostname="HP" failures="0" tests="6" name="Test" time="17.713" errors="0" timestamp="2023-12-06T23:40:55 IST">
  <testcase classname="com.dcpl.testcase.PSQCreateAttendanceTest" name="@BeforeMethod setUP" time="13.118">
    <failure type="org.openqa.selenium.SessionNotCreatedException" message="Could not start a new session. Response code 500. Message: session not created: This version of ChromeDriver only supports Chrome version 114
Current browser version is 120.0.6099.63 with binary path C:\Program Files\Google\Chrome\Application\chrome.exe 
Host info: host: &amp;apos;HP&amp;apos;, ip: &amp;apos;192.168.0.123&amp;apos;
Build info: version: &amp;apos;4.8.0&amp;apos;, revision: &amp;apos;267030adea&amp;apos;
System info: os.name: &amp;apos;Windows 11&amp;apos;, os.arch: &amp;apos;amd64&amp;apos;, os.version: &amp;apos;10.0&amp;apos;, java.version: &amp;apos;11.0.14&amp;apos;
Driver info: org.openqa.selenium.chrome.ChromeDriver
Command: [null, newSession {capabilities=[Capabilities {browserName: chrome, goog:chromeOptions: {args: [--remote-allow-origins=*], extensions: []}}], desiredCapabilities=Capabilities {browserName: chrome, goog:chromeOptions: {args: [--remote-allow-origins=*], extensions: []}}}]">
      <![CDATA[org.openqa.selenium.SessionNotCreatedException: Could not start a new session. Response code 500. Message: session not created: This version of ChromeDriver only supports Chrome version 114
Current browser version is 120.0.6099.63 with binary path C:\Program Files\Google\Chrome\Application\chrome.exe 
Host info: host: 'HP', ip: '192.168.0.123'
Build info: version: '4.8.0', revision: '267030adea'
System info: os.name: 'Windows 11', os.arch: 'amd64', os.version: '10.0', java.version: '11.0.14'
Driver info: org.openqa.selenium.chrome.ChromeDriver
Command: [null, newSession {capabilities=[Capabilities {browserName: chrome, goog:chromeOptions: {args: [--remote-allow-origins=*], extensions: []}}], desiredCapabilities=Capabilities {browserName: chrome, goog:chromeOptions: {args: [--remote-allow-origins=*], extensions: []}}}]
at org.openqa.selenium.remote.ProtocolHandshake.createSession(ProtocolHandshake.java:148)
at org.openqa.selenium.remote.ProtocolHandshake.createSession(ProtocolHandshake.java:106)
at org.openqa.selenium.remote.ProtocolHandshake.createSession(ProtocolHandshake.java:67)
at org.openqa.selenium.remote.HttpCommandExecutor.execute(HttpCommandExecutor.java:156)
at org.openqa.selenium.remote.service.DriverCommandExecutor.invokeExecute(DriverCommandExecutor.java:167)
at org.openqa.selenium.remote.service.DriverCommandExecutor.execute(DriverCommandExecutor.java:142)
at org.openqa.selenium.remote.RemoteWebDriver.execute(RemoteWebDriver.java:543)
at org.openqa.selenium.remote.RemoteWebDriver.startSession(RemoteWebDriver.java:229)
at org.openqa.selenium.remote.RemoteWebDriver.<init>(RemoteWebDriver.java:157)
at org.openqa.selenium.chromium.ChromiumDriver.<init>(ChromiumDriver.java:101)
at org.openqa.selenium.chrome.ChromeDriver.<init>(ChromeDriver.java:82)
at org.openqa.selenium.chrome.ChromeDriver.<init>(ChromeDriver.java:71)
at com.dcpl.base.BaseClass.LaunchApp(BaseClass.java:87)
at com.dcpl.testcase.PSQCreateAttendanceTest.setUP(PSQCreateAttendanceTest.java:35)
at java.base/java.util.ArrayList.forEach(ArrayList.java:1541)
... Removed 31 stack frames]]>
    </failure>
  </testcase> <!-- @BeforeMethod setUP -->
  <testcase classname="com.dcpl.testcase.PSQCreateAttendanceTest" name="@AfterMethod closeWebApplication" time="0.0">
    <skipped/>
  </testcase> <!-- @AfterMethod closeWebApplication -->
  <testcase classname="com.dcpl.testcase.PSQCreateAttendanceTest" name="@BeforeMethod setUP" time="0.0">
    <skipped/>
  </testcase> <!-- @BeforeMethod setUP -->
  <testcase classname="com.dcpl.testcase.PSQCreateAttendanceTest" name="@AfterMethod closeWebApplication" time="0.0">
    <skipped/>
  </testcase> <!-- @AfterMethod closeWebApplication -->
  <testcase classname="com.dcpl.testcase.PSQCreateAttendanceTest" name="@BeforeMethod setUP" time="0.0">
    <skipped/>
  </testcase> <!-- @BeforeMethod setUP -->
  <testcase classname="com.dcpl.testcase.PSQCreateAttendanceTest" name="@AfterMethod closeWebApplication" time="0.0">
    <skipped/>
  </testcase> <!-- @AfterMethod closeWebApplication -->
  <testcase classname="com.dcpl.testcase.PSQCreateAttendanceTest" name="@BeforeMethod setUP" time="0.0">
    <skipped/>
  </testcase> <!-- @BeforeMethod setUP -->
  <testcase classname="com.dcpl.testcase.PSQCreateAttendanceTest" name="@AfterMethod closeWebApplication" time="0.0">
    <skipped/>
  </testcase> <!-- @AfterMethod closeWebApplication -->
  <testcase classname="com.dcpl.testcase.PSQCreateAttendanceTest" name="@BeforeMethod setUP" time="0.0">
    <skipped/>
  </testcase> <!-- @BeforeMethod setUP -->
  <testcase classname="com.dcpl.testcase.PSQCreateAttendanceTest" name="@AfterMethod closeWebApplication" time="0.0">
    <skipped/>
  </testcase> <!-- @AfterMethod closeWebApplication -->
  <testcase classname="com.dcpl.testcase.PSQCreateAttendanceTest" name="@BeforeMethod setUP" time="0.0">
    <skipped/>
  </testcase> <!-- @BeforeMethod setUP -->
  <testcase classname="com.dcpl.testcase.PSQCreateAttendanceTest" name="@AfterMethod closeWebApplication" time="0.0">
    <skipped/>
  </testcase> <!-- @AfterMethod closeWebApplication -->
  <testcase classname="com.dcpl.testcase.PSQCreateAttendanceTest" name="downloadPSQAttendanceTemplate" time="0.0">
    <skipped/>
  </testcase> <!-- downloadPSQAttendanceTemplate -->
  <testcase classname="com.dcpl.testcase.PSQCreateAttendanceTest" name="downloadPSQAttendanceTemplate" time="0.001">
    <skipped/>
  </testcase> <!-- downloadPSQAttendanceTemplate -->
  <testcase classname="com.dcpl.testcase.PSQCreateAttendanceTest" name="downloadPSQAttendanceTemplate" time="0.0">
    <skipped/>
  </testcase> <!-- downloadPSQAttendanceTemplate -->
  <testcase classname="com.dcpl.testcase.PSQCreateAttendanceTest" name="downloadPSQAttendanceTemplate" time="0.0">
    <skipped/>
  </testcase> <!-- downloadPSQAttendanceTemplate -->
  <testcase classname="com.dcpl.testcase.PSQCreateAttendanceTest" name="downloadPSQAttendanceTemplate" time="0.0">
    <skipped/>
  </testcase> <!-- downloadPSQAttendanceTemplate -->
  <testcase classname="com.dcpl.testcase.PSQCreateAttendanceTest" name="downloadPSQAttendanceTemplate" time="0.001">
    <skipped/>
  </testcase> <!-- downloadPSQAttendanceTemplate -->
  <testcase classname="com.dcpl.testcase.PSQCreateAttendanceTest" name="createPSQAttendance" time="0.0">
    <ignored/>
  </testcase> <!-- createPSQAttendance -->
  <testcase classname="com.dcpl.testcase.PSQCreateAttendanceTest" name="uploadPSQAttendance" time="0.0">
    <ignored/>
  </testcase> <!-- uploadPSQAttendance -->
</testsuite> <!-- Test -->
