<?xml version="1.0" encoding="UTF-8"?>
<!-- Generated by org.testng.reporters.JUnitXMLReporter -->
<testsuite ignored="4" hostname="HP" failures="7" tests="23" name="Test(failed)" time="622.469" errors="0" timestamp="2024-01-20T11:45:31 IST">
  <testcase classname="com.dcpl.testcase.GoodsReceiptVocuherTest" name="createGRVForSubContractVendorRefTypeFinishedGoodSegmentSilver" time="21.906">
    <skipped/>
  </testcase> <!-- createGRVForSubContractVendorRefTypeFinishedGoodSegmentSilver -->
  <testcase classname="com.dcpl.testcase.GoodsReceiptVocuherTest" name="createGRVForSubContractVendorRefTypeFinishedGoodSegmentSilver" time="45.515">
    <skipped/>
  </testcase> <!-- createGRVForSubContractVendorRefTypeFinishedGoodSegmentSilver -->
  <testcase classname="com.dcpl.testcase.GoodsReceiptVocuherTest" name="createGRVForSubContractVendorRefTypeFinishedGoodSegmentSilver" time="48.759">
    <failure type="org.openqa.selenium.json.JsonException" message="java.lang.reflect.InvocationTargetException
Build info: version: &amp;apos;4.16.1&amp;apos;, revision: &amp;apos;9b4c83354e&amp;apos;
System info: os.name: &amp;apos;Windows 11&amp;apos;, os.arch: &amp;apos;amd64&amp;apos;, os.version: &amp;apos;10.0&amp;apos;, java.version: &amp;apos;11.0.14&amp;apos;
Driver info: org.openqa.selenium.chrome.ChromeDriver
Command: [ad28671758a37b2a3b1bdc8e3dbc888d, actions {actions=[org.openqa.selenium.interactions.Sequence@43090195]}]
Capabilities {acceptInsecureCerts: false, browserName: chrome, browserVersion: 120.0.6099.224, chrome: {chromedriverVersion: 120.0.6099.109 (3419140ab66..., userDataDir: C:\Users\USER\AppData\Local...}, fedcm:accounts: true, goog:chromeOptions: {debuggerAddress: localhost:54265}, networkConnectionEnabled: false, pageLoadStrategy: normal, platformName: windows, proxy: Proxy(), se:cdp: ws://localhost:54265/devtoo..., se:cdpVersion: 120.0.6099.224, setWindowRect: true, strictFileInteractability: false, timeouts: {implicit: 0, pageLoad: 300000, script: 30000}, unhandledPromptBehavior: dismiss and notify, webauthn:extension:credBlob: true, webauthn:extension:largeBlob: true, webauthn:extension:minPinLength: true, webauthn:extension:prf: true, webauthn:virtualAuthenticators: true}
Session ID: ad28671758a37b2a3b1bdc8e3dbc888d">
      <![CDATA[org.openqa.selenium.json.JsonException: java.lang.reflect.InvocationTargetException
Build info: version: '4.16.1', revision: '9b4c83354e'
System info: os.name: 'Windows 11', os.arch: 'amd64', os.version: '10.0', java.version: '11.0.14'
Driver info: org.openqa.selenium.chrome.ChromeDriver
Command: [ad28671758a37b2a3b1bdc8e3dbc888d, actions {actions=[org.openqa.selenium.interactions.Sequence@43090195]}]
Capabilities {acceptInsecureCerts: false, browserName: chrome, browserVersion: 120.0.6099.224, chrome: {chromedriverVersion: 120.0.6099.109 (3419140ab66..., userDataDir: C:\Users\USER\AppData\Local...}, fedcm:accounts: true, goog:chromeOptions: {debuggerAddress: localhost:54265}, networkConnectionEnabled: false, pageLoadStrategy: normal, platformName: windows, proxy: Proxy(), se:cdp: ws://localhost:54265/devtoo..., se:cdpVersion: 120.0.6099.224, setWindowRect: true, strictFileInteractability: false, timeouts: {implicit: 0, pageLoad: 300000, script: 30000}, unhandledPromptBehavior: dismiss and notify, webauthn:extension:credBlob: true, webauthn:extension:largeBlob: true, webauthn:extension:minPinLength: true, webauthn:extension:prf: true, webauthn:virtualAuthenticators: true}
Session ID: ad28671758a37b2a3b1bdc8e3dbc888d
at org.openqa.selenium.json.JsonOutput.convertUsingMethod(JsonOutput.java:520)
at org.openqa.selenium.json.JsonOutput.lambda$new$16(JsonOutput.java:182)
at org.openqa.selenium.json.JsonOutput.write0(JsonOutput.java:409)
at org.openqa.selenium.json.JsonOutput.lambda$new$22(JsonOutput.java:204)
at java.base/java.util.stream.ForEachOps$ForEachOp$OfRef.accept(ForEachOps.java:183)
at java.base/java.util.stream.ReferencePipeline$2$1.accept(ReferencePipeline.java:177)
at java.base/java.util.Iterator.forEachRemaining(Iterator.java:133)
at java.base/java.util.Spliterators$IteratorSpliterator.forEachRemaining(Spliterators.java:1801)
at java.base/java.util.stream.AbstractPipeline.copyInto(AbstractPipeline.java:484)
at java.base/java.util.stream.AbstractPipeline.wrapAndCopyInto(AbstractPipeline.java:474)
at java.base/java.util.stream.ForEachOps$ForEachOp.evaluateSequential(ForEachOps.java:150)
at java.base/java.util.stream.ForEachOps$ForEachOp$OfRef.evaluateSequential(ForEachOps.java:173)
at java.base/java.util.stream.AbstractPipeline.evaluate(AbstractPipeline.java:234)
at java.base/java.util.stream.ReferencePipeline.forEach(ReferencePipeline.java:497)
at org.openqa.selenium.json.JsonOutput.lambda$new$23(JsonOutput.java:204)
at org.openqa.selenium.json.JsonOutput.write0(JsonOutput.java:409)
at org.openqa.selenium.json.JsonOutput.lambda$new$24(JsonOutput.java:222)
at com.google.common.collect.SingletonImmutableBiMap.forEach(SingletonImmutableBiMap.java:68)
at org.openqa.selenium.json.JsonOutput.lambda$new$25(JsonOutput.java:217)
at org.openqa.selenium.json.JsonOutput.write0(JsonOutput.java:409)
at org.openqa.selenium.json.JsonOutput.write(JsonOutput.java:400)
at org.openqa.selenium.json.Json.toJson(Json.java:133)
at org.openqa.selenium.json.Json.toJson(Json.java:119)
at org.openqa.selenium.remote.codec.AbstractHttpCommandCodec.encode(AbstractHttpCommandCodec.java:280)
at org.openqa.selenium.remote.codec.AbstractHttpCommandCodec.encode(AbstractHttpCommandCodec.java:130)
at org.openqa.selenium.remote.HttpCommandExecutor.execute(HttpCommandExecutor.java:179)
at org.openqa.selenium.remote.service.DriverCommandExecutor.invokeExecute(DriverCommandExecutor.java:200)
at org.openqa.selenium.remote.service.DriverCommandExecutor.execute(DriverCommandExecutor.java:175)
at org.openqa.selenium.remote.RemoteWebDriver.execute(RemoteWebDriver.java:523)
at org.openqa.selenium.remote.RemoteWebDriver.perform(RemoteWebDriver.java:609)
at org.openqa.selenium.interactions.Actions$BuiltAction.perform(Actions.java:598)
at org.openqa.selenium.interactions.Actions.perform(Actions.java:567)
at com.dcpl.pageobjects.GoodsReceiptVoucherPage.setGridData(GoodsReceiptVoucherPage.java:329)
at com.dcpl.testcase.GoodsReceiptVocuherTest.createGRVForSubContractVendorRefTypeFinishedGoodSegmentSilver(GoodsReceiptVocuherTest.java:125)
at java.base/java.util.ArrayList.forEach(ArrayList.java:1541)
Suppressed: org.openqa.selenium.json.JsonException: Attempting to close incomplete json stream
Build info: version: '4.16.1', revision: '9b4c83354e'
System info: os.name: 'Windows 11', os.arch: 'amd64', os.version: '10.0', java.version: '11.0.14'
Driver info: driver.version: RemoteWebDriver
at org.openqa.selenium.json.JsonOutput.close(JsonOutput.java:431)
at org.openqa.selenium.json.Json.toJson(Json.java:131)
... 40 more
at org.openqa.selenium.json.JsonOutput.convertUsingMethod(JsonOutput.java:516)
... 61 more
Caused by: org.openqa.selenium.NoSuchElementException: no such element: Unable to locate element: {"method":"xpath","selector":"//div[contains(text(),'Finished Goods')]"}
  (Session info: chrome=120.0.6099.224)
For documentation on this error, please visit: https://www.selenium.dev/documentation/webdriver/troubleshooting/errors#no-such-element-exception
Build info: version: '4.16.1', revision: '9b4c83354e'
System info: os.name: 'Windows 11', os.arch: 'amd64', os.version: '10.0', java.version: '11.0.14'
Driver info: org.openqa.selenium.chrome.ChromeDriver
Command: [ad28671758a37b2a3b1bdc8e3dbc888d, findElement {using=xpath, value=//div[contains(text(),'Finished Goods')]}]
Capabilities {acceptInsecureCerts: false, browserName: chrome, browserVersion: 120.0.6099.224, chrome: {chromedriverVersion: 120.0.6099.109 (3419140ab66..., userDataDir: C:\Users\USER\AppData\Local...}, fedcm:accounts: true, goog:chromeOptions: {debuggerAddress: localhost:54265}, networkConnectionEnabled: false, pageLoadStrategy: normal, platformName: windows, proxy: Proxy(), se:cdp: ws://localhost:54265/devtoo..., se:cdpVersion: 120.0.6099.224, setWindowRect: true, strictFileInteractability: false, timeouts: {implicit: 0, pageLoad: 300000, script: 30000}, unhandledPromptBehavior: dismiss and notify, webauthn:extension:credBlob: true, webauthn:extension:largeBlob: true, webauthn:extension:minPinLength: true, webauthn:extension:prf: true, webauthn:virtualAuthenticators: true}
Session ID: ad28671758a37b2a3b1bdc8e3dbc888d
at org.openqa.selenium.remote.codec.w3c.W3CHttpResponseCodec.createException(W3CHttpResponseCodec.java:200)
at org.openqa.selenium.remote.codec.w3c.W3CHttpResponseCodec.decode(W3CHttpResponseCodec.java:133)
at org.openqa.selenium.remote.codec.w3c.W3CHttpResponseCodec.decode(W3CHttpResponseCodec.java:52)
at org.openqa.selenium.remote.HttpCommandExecutor.execute(HttpCommandExecutor.java:191)
at org.openqa.selenium.remote.service.DriverCommandExecutor.invokeExecute(DriverCommandExecutor.java:200)
at org.openqa.selenium.remote.service.DriverCommandExecutor.execute(DriverCommandExecutor.java:175)
at org.openqa.selenium.remote.RemoteWebDriver.execute(RemoteWebDriver.java:523)
at org.openqa.selenium.remote.ElementLocation$ElementFinder$2.findElement(ElementLocation.java:165)
at org.openqa.selenium.remote.ElementLocation.findElement(ElementLocation.java:59)
at org.openqa.selenium.remote.RemoteWebDriver.findElement(RemoteWebDriver.java:360)
at org.openqa.selenium.remote.RemoteWebDriver.findElement(RemoteWebDriver.java:354)
at org.openqa.selenium.support.pagefactory.DefaultElementLocator.findElement(DefaultElementLocator.java:68)
at org.openqa.selenium.support.pagefactory.internal.LocatingElementHandler.invoke(LocatingElementHandler.java:38)
at com.sun.proxy.$Proxy21.getWrappedElement(Unknown Source)
at org.openqa.selenium.interactions.PointerInput$Origin.asArg(PointerInput.java:259)
at org.openqa.selenium.interactions.PointerInput$Move.encode(PointerInput.java:208)
at org.openqa.selenium.interactions.Sequence.encode(Sequence.java:72)
at org.openqa.selenium.interactions.Sequence.toJson(Sequence.java:81)
... 65 more
... Removed 35 stack frames]]>
    </failure>
  </testcase> <!-- createGRVForSubContractVendorRefTypeFinishedGoodSegmentSilver -->
  <testcase classname="com.dcpl.testcase.GoodsReceiptVocuherTest" name="createGRVForSubContractVendorRefTypeFinishedGoodSegmentPlatinum" time="22.385">
    <skipped/>
  </testcase> <!-- createGRVForSubContractVendorRefTypeFinishedGoodSegmentPlatinum -->
  <testcase classname="com.dcpl.testcase.GoodsReceiptVocuherTest" name="createGRVForSubContractVendorRefTypeFinishedGoodSegmentPlatinum" time="20.973">
    <skipped/>
  </testcase> <!-- createGRVForSubContractVendorRefTypeFinishedGoodSegmentPlatinum -->
  <testcase classname="com.dcpl.testcase.GoodsReceiptVocuherTest" name="createGRVForSubContractVendorRefTypeFinishedGoodSegmentPlatinum" time="21.729">
    <failure type="java.lang.AssertionError" message="expected [Success] but found [Error]">
      <![CDATA[java.lang.AssertionError: expected [Success] but found [Error]
at com.dcpl.testcase.GoodsReceiptVocuherTest.createGRVForSubContractVendorRefTypeFinishedGoodSegmentPlatinum(GoodsReceiptVocuherTest.java:210)
at java.base/java.util.ArrayList.forEach(ArrayList.java:1541)
... Removed 33 stack frames]]>
    </failure>
  </testcase> <!-- createGRVForSubContractVendorRefTypeFinishedGoodSegmentPlatinum -->
  <testcase classname="com.dcpl.testcase.GoodsReceiptVocuherTest" name="createGRVForDealerVendorRefTypeFinishedGoodSegmentGold" time="41.578">
    <skipped/>
  </testcase> <!-- createGRVForDealerVendorRefTypeFinishedGoodSegmentGold -->
  <testcase classname="com.dcpl.testcase.GoodsReceiptVocuherTest" name="createGRVForDealerVendorRefTypeFinishedGoodSegmentGold" time="37.234"/>
  <testcase classname="com.dcpl.testcase.GoodsReceiptVocuherTest" name="createGRVForDealerVendorRefTypeFinishedGoodSegmentSilver" time="15.068">
    <skipped/>
  </testcase> <!-- createGRVForDealerVendorRefTypeFinishedGoodSegmentSilver -->
  <testcase classname="com.dcpl.testcase.GoodsReceiptVocuherTest" name="createGRVForDealerVendorRefTypeFinishedGoodSegmentSilver" time="15.163">
    <skipped/>
  </testcase> <!-- createGRVForDealerVendorRefTypeFinishedGoodSegmentSilver -->
  <testcase classname="com.dcpl.testcase.GoodsReceiptVocuherTest" name="createGRVForDealerVendorRefTypeFinishedGoodSegmentSilver" time="15.086">
    <failure type="java.lang.AssertionError" message="expected [HSN Code Validated Successfully] but found [Error!]">
      <![CDATA[java.lang.AssertionError: expected [HSN Code Validated Successfully] but found [Error!]
at com.dcpl.pageobjects.GoodsReceiptVoucherPage.setGridData(GoodsReceiptVoucherPage.java:495)
at com.dcpl.testcase.GoodsReceiptVocuherTest.createGRVForDealerVendorRefTypeFinishedGoodSegmentSilver(GoodsReceiptVocuherTest.java:366)
at java.base/java.util.ArrayList.forEach(ArrayList.java:1541)
... Removed 33 stack frames]]>
    </failure>
  </testcase> <!-- createGRVForDealerVendorRefTypeFinishedGoodSegmentSilver -->
  <testcase classname="com.dcpl.testcase.GoodsReceiptVocuherTest" name="createGRVForDealerVendorRefTypeFinishedGoodSegmentPlatinum" time="15.271">
    <skipped/>
  </testcase> <!-- createGRVForDealerVendorRefTypeFinishedGoodSegmentPlatinum -->
  <testcase classname="com.dcpl.testcase.GoodsReceiptVocuherTest" name="createGRVForDealerVendorRefTypeFinishedGoodSegmentPlatinum" time="14.707">
    <skipped/>
  </testcase> <!-- createGRVForDealerVendorRefTypeFinishedGoodSegmentPlatinum -->
  <testcase classname="com.dcpl.testcase.GoodsReceiptVocuherTest" name="createGRVForDealerVendorRefTypeFinishedGoodSegmentPlatinum" time="14.389">
    <failure type="java.lang.AssertionError" message="expected [HSN Code Validated Successfully] but found []">
      <![CDATA[java.lang.AssertionError: expected [HSN Code Validated Successfully] but found []
at com.dcpl.pageobjects.GoodsReceiptVoucherPage.setGridData(GoodsReceiptVoucherPage.java:495)
at com.dcpl.testcase.GoodsReceiptVocuherTest.createGRVForDealerVendorRefTypeFinishedGoodSegmentPlatinum(GoodsReceiptVocuherTest.java:426)
at java.base/java.util.ArrayList.forEach(ArrayList.java:1541)
... Removed 33 stack frames]]>
    </failure>
  </testcase> <!-- createGRVForDealerVendorRefTypeFinishedGoodSegmentPlatinum -->
  <testcase classname="com.dcpl.testcase.GoodsReceiptVocuherTest" name="createGRVForConsignmentVendorRefTypeFinishedGoodSegmentGold" time="36.579">
    <skipped/>
  </testcase> <!-- createGRVForConsignmentVendorRefTypeFinishedGoodSegmentGold -->
  <testcase classname="com.dcpl.testcase.GoodsReceiptVocuherTest" name="createGRVForConsignmentVendorRefTypeFinishedGoodSegmentGold" time="37.991">
    <skipped/>
  </testcase> <!-- createGRVForConsignmentVendorRefTypeFinishedGoodSegmentGold -->
  <testcase classname="com.dcpl.testcase.GoodsReceiptVocuherTest" name="createGRVForConsignmentVendorRefTypeFinishedGoodSegmentGold" time="37.716">
    <failure type="org.openqa.selenium.json.JsonException" message="java.lang.reflect.InvocationTargetException
Build info: version: &amp;apos;4.16.1&amp;apos;, revision: &amp;apos;9b4c83354e&amp;apos;
System info: os.name: &amp;apos;Windows 11&amp;apos;, os.arch: &amp;apos;amd64&amp;apos;, os.version: &amp;apos;10.0&amp;apos;, java.version: &amp;apos;11.0.14&amp;apos;
Driver info: org.openqa.selenium.chrome.ChromeDriver
Command: [bcb0ec6b9d391a8d7bb6895e9308aec9, actions {actions=[org.openqa.selenium.interactions.Sequence@1e3dba91]}]
Capabilities {acceptInsecureCerts: false, browserName: chrome, browserVersion: 120.0.6099.224, chrome: {chromedriverVersion: 120.0.6099.109 (3419140ab66..., userDataDir: C:\Users\USER\AppData\Local...}, fedcm:accounts: true, goog:chromeOptions: {debuggerAddress: localhost:54898}, networkConnectionEnabled: false, pageLoadStrategy: normal, platformName: windows, proxy: Proxy(), se:cdp: ws://localhost:54898/devtoo..., se:cdpVersion: 120.0.6099.224, setWindowRect: true, strictFileInteractability: false, timeouts: {implicit: 0, pageLoad: 300000, script: 30000}, unhandledPromptBehavior: dismiss and notify, webauthn:extension:credBlob: true, webauthn:extension:largeBlob: true, webauthn:extension:minPinLength: true, webauthn:extension:prf: true, webauthn:virtualAuthenticators: true}
Session ID: bcb0ec6b9d391a8d7bb6895e9308aec9">
      <![CDATA[org.openqa.selenium.json.JsonException: java.lang.reflect.InvocationTargetException
Build info: version: '4.16.1', revision: '9b4c83354e'
System info: os.name: 'Windows 11', os.arch: 'amd64', os.version: '10.0', java.version: '11.0.14'
Driver info: org.openqa.selenium.chrome.ChromeDriver
Command: [bcb0ec6b9d391a8d7bb6895e9308aec9, actions {actions=[org.openqa.selenium.interactions.Sequence@1e3dba91]}]
Capabilities {acceptInsecureCerts: false, browserName: chrome, browserVersion: 120.0.6099.224, chrome: {chromedriverVersion: 120.0.6099.109 (3419140ab66..., userDataDir: C:\Users\USER\AppData\Local...}, fedcm:accounts: true, goog:chromeOptions: {debuggerAddress: localhost:54898}, networkConnectionEnabled: false, pageLoadStrategy: normal, platformName: windows, proxy: Proxy(), se:cdp: ws://localhost:54898/devtoo..., se:cdpVersion: 120.0.6099.224, setWindowRect: true, strictFileInteractability: false, timeouts: {implicit: 0, pageLoad: 300000, script: 30000}, unhandledPromptBehavior: dismiss and notify, webauthn:extension:credBlob: true, webauthn:extension:largeBlob: true, webauthn:extension:minPinLength: true, webauthn:extension:prf: true, webauthn:virtualAuthenticators: true}
Session ID: bcb0ec6b9d391a8d7bb6895e9308aec9
at org.openqa.selenium.json.JsonOutput.convertUsingMethod(JsonOutput.java:520)
at org.openqa.selenium.json.JsonOutput.lambda$new$16(JsonOutput.java:182)
at org.openqa.selenium.json.JsonOutput.write0(JsonOutput.java:409)
at org.openqa.selenium.json.JsonOutput.lambda$new$22(JsonOutput.java:204)
at java.base/java.util.stream.ForEachOps$ForEachOp$OfRef.accept(ForEachOps.java:183)
at java.base/java.util.stream.ReferencePipeline$2$1.accept(ReferencePipeline.java:177)
at java.base/java.util.Iterator.forEachRemaining(Iterator.java:133)
at java.base/java.util.Spliterators$IteratorSpliterator.forEachRemaining(Spliterators.java:1801)
at java.base/java.util.stream.AbstractPipeline.copyInto(AbstractPipeline.java:484)
at java.base/java.util.stream.AbstractPipeline.wrapAndCopyInto(AbstractPipeline.java:474)
at java.base/java.util.stream.ForEachOps$ForEachOp.evaluateSequential(ForEachOps.java:150)
at java.base/java.util.stream.ForEachOps$ForEachOp$OfRef.evaluateSequential(ForEachOps.java:173)
at java.base/java.util.stream.AbstractPipeline.evaluate(AbstractPipeline.java:234)
at java.base/java.util.stream.ReferencePipeline.forEach(ReferencePipeline.java:497)
at org.openqa.selenium.json.JsonOutput.lambda$new$23(JsonOutput.java:204)
at org.openqa.selenium.json.JsonOutput.write0(JsonOutput.java:409)
at org.openqa.selenium.json.JsonOutput.lambda$new$24(JsonOutput.java:222)
at com.google.common.collect.SingletonImmutableBiMap.forEach(SingletonImmutableBiMap.java:68)
at org.openqa.selenium.json.JsonOutput.lambda$new$25(JsonOutput.java:217)
at org.openqa.selenium.json.JsonOutput.write0(JsonOutput.java:409)
at org.openqa.selenium.json.JsonOutput.write(JsonOutput.java:400)
at org.openqa.selenium.json.Json.toJson(Json.java:133)
at org.openqa.selenium.json.Json.toJson(Json.java:119)
at org.openqa.selenium.remote.codec.AbstractHttpCommandCodec.encode(AbstractHttpCommandCodec.java:280)
at org.openqa.selenium.remote.codec.AbstractHttpCommandCodec.encode(AbstractHttpCommandCodec.java:130)
at org.openqa.selenium.remote.HttpCommandExecutor.execute(HttpCommandExecutor.java:179)
at org.openqa.selenium.remote.service.DriverCommandExecutor.invokeExecute(DriverCommandExecutor.java:200)
at org.openqa.selenium.remote.service.DriverCommandExecutor.execute(DriverCommandExecutor.java:175)
at org.openqa.selenium.remote.RemoteWebDriver.execute(RemoteWebDriver.java:523)
at org.openqa.selenium.remote.RemoteWebDriver.perform(RemoteWebDriver.java:609)
at org.openqa.selenium.interactions.Actions$BuiltAction.perform(Actions.java:598)
at org.openqa.selenium.interactions.Actions.perform(Actions.java:567)
at com.dcpl.pageobjects.GoodsReceiptVoucherPage.setGridData(GoodsReceiptVoucherPage.java:329)
at com.dcpl.testcase.GoodsReceiptVocuherTest.createGRVForConsignmentVendorRefTypeFinishedGoodSegmentGold(GoodsReceiptVocuherTest.java:546)
at java.base/java.util.ArrayList.forEach(ArrayList.java:1541)
Suppressed: org.openqa.selenium.json.JsonException: Attempting to close incomplete json stream
Build info: version: '4.16.1', revision: '9b4c83354e'
System info: os.name: 'Windows 11', os.arch: 'amd64', os.version: '10.0', java.version: '11.0.14'
Driver info: driver.version: RemoteWebDriver
at org.openqa.selenium.json.JsonOutput.close(JsonOutput.java:431)
at org.openqa.selenium.json.Json.toJson(Json.java:131)
... 40 more
at org.openqa.selenium.json.JsonOutput.convertUsingMethod(JsonOutput.java:516)
... 61 more
Caused by: org.openqa.selenium.NoSuchElementException: no such element: Unable to locate element: {"method":"xpath","selector":"//div[contains(text(),'Finished Goods')]"}
  (Session info: chrome=120.0.6099.224)
For documentation on this error, please visit: https://www.selenium.dev/documentation/webdriver/troubleshooting/errors#no-such-element-exception
Build info: version: '4.16.1', revision: '9b4c83354e'
System info: os.name: 'Windows 11', os.arch: 'amd64', os.version: '10.0', java.version: '11.0.14'
Driver info: org.openqa.selenium.chrome.ChromeDriver
Command: [bcb0ec6b9d391a8d7bb6895e9308aec9, findElement {using=xpath, value=//div[contains(text(),'Finished Goods')]}]
Capabilities {acceptInsecureCerts: false, browserName: chrome, browserVersion: 120.0.6099.224, chrome: {chromedriverVersion: 120.0.6099.109 (3419140ab66..., userDataDir: C:\Users\USER\AppData\Local...}, fedcm:accounts: true, goog:chromeOptions: {debuggerAddress: localhost:54898}, networkConnectionEnabled: false, pageLoadStrategy: normal, platformName: windows, proxy: Proxy(), se:cdp: ws://localhost:54898/devtoo..., se:cdpVersion: 120.0.6099.224, setWindowRect: true, strictFileInteractability: false, timeouts: {implicit: 0, pageLoad: 300000, script: 30000}, unhandledPromptBehavior: dismiss and notify, webauthn:extension:credBlob: true, webauthn:extension:largeBlob: true, webauthn:extension:minPinLength: true, webauthn:extension:prf: true, webauthn:virtualAuthenticators: true}
Session ID: bcb0ec6b9d391a8d7bb6895e9308aec9
at org.openqa.selenium.remote.codec.w3c.W3CHttpResponseCodec.createException(W3CHttpResponseCodec.java:200)
at org.openqa.selenium.remote.codec.w3c.W3CHttpResponseCodec.decode(W3CHttpResponseCodec.java:133)
at org.openqa.selenium.remote.codec.w3c.W3CHttpResponseCodec.decode(W3CHttpResponseCodec.java:52)
at org.openqa.selenium.remote.HttpCommandExecutor.execute(HttpCommandExecutor.java:191)
at org.openqa.selenium.remote.service.DriverCommandExecutor.invokeExecute(DriverCommandExecutor.java:200)
at org.openqa.selenium.remote.service.DriverCommandExecutor.execute(DriverCommandExecutor.java:175)
at org.openqa.selenium.remote.RemoteWebDriver.execute(RemoteWebDriver.java:523)
at org.openqa.selenium.remote.ElementLocation$ElementFinder$2.findElement(ElementLocation.java:165)
at org.openqa.selenium.remote.ElementLocation.findElement(ElementLocation.java:59)
at org.openqa.selenium.remote.RemoteWebDriver.findElement(RemoteWebDriver.java:360)
at org.openqa.selenium.remote.RemoteWebDriver.findElement(RemoteWebDriver.java:354)
at org.openqa.selenium.support.pagefactory.DefaultElementLocator.findElement(DefaultElementLocator.java:68)
at org.openqa.selenium.support.pagefactory.internal.LocatingElementHandler.invoke(LocatingElementHandler.java:38)
at com.sun.proxy.$Proxy21.getWrappedElement(Unknown Source)
at org.openqa.selenium.interactions.PointerInput$Origin.asArg(PointerInput.java:259)
at org.openqa.selenium.interactions.PointerInput$Move.encode(PointerInput.java:208)
at org.openqa.selenium.interactions.Sequence.encode(Sequence.java:72)
at org.openqa.selenium.interactions.Sequence.toJson(Sequence.java:81)
... 65 more
... Removed 35 stack frames]]>
    </failure>
  </testcase> <!-- createGRVForConsignmentVendorRefTypeFinishedGoodSegmentGold -->
  <testcase classname="com.dcpl.testcase.GoodsReceiptVocuherTest" name="createGRVForConsignmentVendorRefTypeFinishedGoodSegmentSilver" time="14.363">
    <skipped/>
  </testcase> <!-- createGRVForConsignmentVendorRefTypeFinishedGoodSegmentSilver -->
  <testcase classname="com.dcpl.testcase.GoodsReceiptVocuherTest" name="createGRVForConsignmentVendorRefTypeFinishedGoodSegmentSilver" time="14.47">
    <skipped/>
  </testcase> <!-- createGRVForConsignmentVendorRefTypeFinishedGoodSegmentSilver -->
  <testcase classname="com.dcpl.testcase.GoodsReceiptVocuherTest" name="createGRVForConsignmentVendorRefTypeFinishedGoodSegmentSilver" time="14.684">
    <failure type="java.lang.AssertionError" message="expected [HSN Code Validated Successfully] but found [Error!]">
      <![CDATA[java.lang.AssertionError: expected [HSN Code Validated Successfully] but found [Error!]
at com.dcpl.pageobjects.GoodsReceiptVoucherPage.setGridData(GoodsReceiptVoucherPage.java:495)
at com.dcpl.testcase.GoodsReceiptVocuherTest.createGRVForConsignmentVendorRefTypeFinishedGoodSegmentSilver(GoodsReceiptVocuherTest.java:606)
at java.base/java.util.ArrayList.forEach(ArrayList.java:1541)
... Removed 33 stack frames]]>
    </failure>
  </testcase> <!-- createGRVForConsignmentVendorRefTypeFinishedGoodSegmentSilver -->
  <testcase classname="com.dcpl.testcase.GoodsReceiptVocuherTest" name="createGRVForConsignmentVendorRefTypeFinishedGoodSegmentPlatinum" time="13.248">
    <skipped/>
  </testcase> <!-- createGRVForConsignmentVendorRefTypeFinishedGoodSegmentPlatinum -->
  <testcase classname="com.dcpl.testcase.GoodsReceiptVocuherTest" name="createGRVForConsignmentVendorRefTypeFinishedGoodSegmentPlatinum" time="13.544">
    <skipped/>
  </testcase> <!-- createGRVForConsignmentVendorRefTypeFinishedGoodSegmentPlatinum -->
  <testcase classname="com.dcpl.testcase.GoodsReceiptVocuherTest" name="createGRVForConsignmentVendorRefTypeFinishedGoodSegmentPlatinum" time="14.6">
    <failure type="java.lang.AssertionError" message="expected [HSN Code Validated Successfully] but found [Error!]">
      <![CDATA[java.lang.AssertionError: expected [HSN Code Validated Successfully] but found [Error!]
at com.dcpl.pageobjects.GoodsReceiptVoucherPage.setGridData(GoodsReceiptVoucherPage.java:495)
at com.dcpl.testcase.GoodsReceiptVocuherTest.createGRVForConsignmentVendorRefTypeFinishedGoodSegmentPlatinum(GoodsReceiptVocuherTest.java:666)
at java.base/java.util.ArrayList.forEach(ArrayList.java:1541)
... Removed 33 stack frames]]>
    </failure>
  </testcase> <!-- createGRVForConsignmentVendorRefTypeFinishedGoodSegmentPlatinum -->
  <testcase classname="com.dcpl.testcase.GoodsReceiptVocuherTest" name="createGRVForSubContractVendorRefTypeFinishedGoodSegmentDiamond" time="0.0">
    <ignored/>
  </testcase> <!-- createGRVForSubContractVendorRefTypeFinishedGoodSegmentDiamond -->
  <testcase classname="com.dcpl.testcase.GoodsReceiptVocuherTest" name="createGRVForConsignmentVendorRefTypeFinishedGoodSegmentDiamond" time="0.0">
    <ignored/>
  </testcase> <!-- createGRVForConsignmentVendorRefTypeFinishedGoodSegmentDiamond -->
  <testcase classname="com.dcpl.testcase.GoodsReceiptVocuherTest" name="createGRVForDealertVendorRefTypeFinishedGoodSegmentDiamond" time="0.0">
    <ignored/>
  </testcase> <!-- createGRVForDealertVendorRefTypeFinishedGoodSegmentDiamond -->
  <testcase classname="com.dcpl.testcase.GoodsReceiptVocuherTest" name="createGRVForSubContractVendorRefTypeFinishedGoodSegmentGold" time="0.0">
    <ignored/>
  </testcase> <!-- createGRVForSubContractVendorRefTypeFinishedGoodSegmentGold -->
</testsuite> <!-- Test(failed) -->
